<?xml version="1.0" encoding="utf-8"?><testsuites name="pytest tests"><testsuite name="pytest" errors="0" failures="0" skipped="0" tests="25" time="1.599" timestamp="2026-01-12T00:30:16.484063+00:00" hostname="agent-env-18afedc3-5f3a-4b91-9276-7edcff4c0bb0"><testcase classname="tests.test_knowledge_base.TestKnowledgeBaseCategories" name="test_list_categories" time="0.071" /><testcase classname="tests.test_knowledge_base.TestKnowledgeBaseSOPs" name="test_list_sops" time="0.038" /><testcase classname="tests.test_knowledge_base.TestKnowledgeBaseSOPs" name="test_list_sops_by_category" time="0.042" /><testcase classname="tests.test_knowledge_base.TestKnowledgeBaseSOPs" name="test_list_sops_by_stage" time="0.039" /><testcase classname="tests.test_knowledge_base.TestKnowledgeBaseSOPs" name="test_get_single_sop" time="0.037" /><testcase classname="tests.test_knowledge_base.TestKnowledgeBaseSOPs" name="test_get_nonexistent_sop" time="0.036" /><testcase classname="tests.test_knowledge_base.TestKnowledgeBaseSOPs" name="test_create_sop" time="0.111" /><testcase classname="tests.test_knowledge_base.TestKnowledgeBaseSOPs" name="test_update_sop" time="0.143" /><testcase classname="tests.test_knowledge_base.TestKnowledgeBaseSOPs" name="test_delete_sop" time="0.143" /><testcase classname="tests.test_knowledge_base.TestContextualSOPs" name="test_get_relevant_sops_by_stage" time="0.041" /><testcase classname="tests.test_knowledge_base.TestContextualSOPs" name="test_get_relevant_sops_by_deal_type" time="0.035" /><testcase classname="tests.test_knowledge_base.TestContextualSOPs" name="test_get_relevant_sops_combined_filters" time="0.038" /><testcase classname="tests.test_knowledge_base.TestContextualSOPs" name="test_get_relevant_sops_active_stage" time="0.034" /><testcase classname="tests.test_knowledge_base.TestContextualSOPs" name="test_track_sop_view" time="0.074" /><testcase classname="tests.test_knowledge_base.TestContextualSOPs" name="test_track_sop_use" time="0.035" /><testcase classname="tests.test_knowledge_base.TestTemplates" name="test_list_templates" time="0.040" /><testcase classname="tests.test_knowledge_base.TestTemplates" name="test_create_template" time="0.038" /><testcase classname="tests.test_knowledge_base.TestTemplates" name="test_fill_template" time="0.033" /><testcase classname="tests.test_knowledge_base.TestTemplates" name="test_fill_nonexistent_template" time="0.046" /><testcase classname="tests.test_knowledge_base.TestChecklistProgress" name="test_get_checklist_progress" time="0.078" /><testcase classname="tests.test_knowledge_base.TestChecklistProgress" name="test_update_checklist_progress" time="0.078" /><testcase classname="tests.test_knowledge_base.TestChecklistProgress" name="test_check_checklist_complete" time="0.069" /><testcase classname="tests.test_knowledge_base.TestChecklistProgress" name="test_check_checklist_complete_all_done" time="0.078" /><testcase classname="tests.test_knowledge_base.TestAnalytics" name="test_get_analytics" time="0.036" /><testcase classname="tests.test_knowledge_base.TestSeedDemo" name="test_seed_demo_data" time="0.041" /></testsuite></testsuites>