<?xml version="1.0" encoding="utf-8"?><testsuites name="pytest tests"><testsuite name="pytest" errors="0" failures="0" skipped="0" tests="20" time="1.328" timestamp="2026-01-12T01:01:23.010883+00:00" hostname="agent-env-18afedc3-5f3a-4b91-9276-7edcff4c0bb0"><testcase classname="tests.test_knowledge_base_ai.TestAIRecommendations" name="test_recommendations_basic" time="0.070" /><testcase classname="tests.test_knowledge_base_ai.TestAIRecommendations" name="test_recommendations_with_entity_context" time="0.037" /><testcase classname="tests.test_knowledge_base_ai.TestAIRecommendations" name="test_recommendations_empty_context" time="0.040" /><testcase classname="tests.test_knowledge_base_ai.TestAIGenerateChecklist" name="test_generate_checklist_basic" time="0.078" /><testcase classname="tests.test_knowledge_base_ai.TestAIGenerateChecklist" name="test_generate_checklist_sales_category" time="0.034" /><testcase classname="tests.test_knowledge_base_ai.TestAIGenerateChecklist" name="test_generate_checklist_minimal_input" time="0.038" /><testcase classname="tests.test_knowledge_base_ai.TestProactiveAlerts" name="test_proactive_alerts_basic" time="0.041" /><testcase classname="tests.test_knowledge_base_ai.TestProactiveAlerts" name="test_proactive_alerts_with_role" time="0.033" /><testcase classname="tests.test_knowledge_base_ai.TestProactiveAlerts" name="test_proactive_alerts_with_stage" time="0.038" /><testcase classname="tests.test_knowledge_base_ai.TestProactiveAlerts" name="test_proactive_alerts_with_all_params" time="0.036" /><testcase classname="tests.test_knowledge_base_ai.TestTrackBehavior" name="test_track_view_behavior" time="0.033" /><testcase classname="tests.test_knowledge_base_ai.TestTrackBehavior" name="test_track_use_behavior" time="0.035" /><testcase classname="tests.test_knowledge_base_ai.TestTrackBehavior" name="test_track_search_behavior" time="0.033" /><testcase classname="tests.test_knowledge_base_ai.TestTrackBehavior" name="test_track_complete_behavior" time="0.081" /><testcase classname="tests.test_knowledge_base_ai.TestUserInsights" name="test_user_insights_basic" time="0.140" /><testcase classname="tests.test_knowledge_base_ai.TestUserInsights" name="test_user_insights_new_user" time="0.034" /><testcase classname="tests.test_knowledge_base_ai.TestSuggestSOPImprovements" name="test_suggest_improvements_existing_sop" time="0.074" /><testcase classname="tests.test_knowledge_base_ai.TestSuggestSOPImprovements" name="test_suggest_improvements_nonexistent_sop" time="0.037" /><testcase classname="tests.test_knowledge_base_ai.TestAIIntegration" name="test_full_ai_workflow" time="0.215" /><testcase classname="tests.test_knowledge_base_ai.TestAIIntegration" name="test_checklist_generation_and_sop_creation" time="0.112" /></testsuite></testsuites>