<?xml version="1.0" encoding="utf-8"?><testsuites name="pytest tests"><testsuite name="pytest" errors="0" failures="3" skipped="0" tests="42" time="9.946" timestamp="2026-01-11T14:53:49.826936+00:00" hostname="agent-env-b02a014e-35e3-4883-b776-42bfe82871fb"><testcase classname="tests.test_p3_features.TestBiddingSystem" name="test_seed_demo_data" time="0.079" /><testcase classname="tests.test_p3_features.TestBiddingSystem" name="test_list_contracts" time="0.044" /><testcase classname="tests.test_p3_features.TestBiddingSystem" name="test_list_contracts_filter_by_status" time="0.042" /><testcase classname="tests.test_p3_features.TestBiddingSystem" name="test_get_contract_details" time="0.077" /><testcase classname="tests.test_p3_features.TestBiddingSystem" name="test_get_contract_not_found" time="0.037" /><testcase classname="tests.test_p3_features.TestBiddingSystem" name="test_create_contract" time="0.035" /><testcase classname="tests.test_p3_features.TestBiddingSystem" name="test_list_bids" time="0.037" /><testcase classname="tests.test_p3_features.TestBiddingSystem" name="test_submit_bid" time="0.073" /><testcase classname="tests.test_p3_features.TestBiddingSystem" name="test_submit_bid_duplicate_team" time="0.153" /><testcase classname="tests.test_p3_features.TestBiddingSystem" name="test_evaluate_bid_accept" time="0.191" /><testcase classname="tests.test_p3_features.TestBiddingSystem" name="test_bidding_analytics" time="0.039" /><testcase classname="tests.test_p3_features.TestDripNotifications" name="test_seed_demo_data" time="0.044" /><testcase classname="tests.test_p3_features.TestDripNotifications" name="test_list_notifications" time="0.086" /><testcase classname="tests.test_p3_features.TestDripNotifications" name="test_list_notifications_filter_by_user" time="0.053" /><testcase classname="tests.test_p3_features.TestDripNotifications" name="test_list_notifications_unread_only" time="0.050" /><testcase classname="tests.test_p3_features.TestDripNotifications" name="test_create_notification" time="0.045"><failure message="KeyError: 'message'">tests/test_p3_features.py:267: in test_create_notification
    assert data["message"] == "Notification created"
           ^^^^^^^^^^^^^^^
E   KeyError: 'message'</failure></testcase><testcase classname="tests.test_p3_features.TestDripNotifications" name="test_mark_notification_read" time="0.041"><failure message="KeyError: 'notification'">tests/test_p3_features.py:283: in test_mark_notification_read
    notif_id = create_response.json()["notification"]["id"]
               ^^^^^^^^^^^^^^^^^^^^^^^^^^^^^^^^^^^^^^
E   KeyError: 'notification'</failure></testcase><testcase classname="tests.test_p3_features.TestDripNotifications" name="test_mark_all_read" time="0.040" /><testcase classname="tests.test_p3_features.TestDripNotifications" name="test_delete_notification" time="0.044"><failure message="KeyError: 'notification'">tests/test_p3_features.py:307: in test_delete_notification
    notif_id = create_response.json()["notification"]["id"]
               ^^^^^^^^^^^^^^^^^^^^^^^^^^^^^^^^^^^^^^
E   KeyError: 'notification'</failure></testcase><testcase classname="tests.test_p3_features.TestDripNotifications" name="test_list_drip_rules" time="0.038" /><testcase classname="tests.test_p3_features.TestDripNotifications" name="test_create_drip_rule" time="0.036" /><testcase classname="tests.test_p3_features.TestDripNotifications" name="test_get_drip_rule" time="0.070" /><testcase classname="tests.test_p3_features.TestDripNotifications" name="test_trigger_rule_manually" time="0.077" /><testcase classname="tests.test_p3_features.TestDripNotifications" name="test_update_rule_status" time="0.083" /><testcase classname="tests.test_p3_features.TestDripNotifications" name="test_get_notification_preferences" time="0.035" /><testcase classname="tests.test_p3_features.TestDripNotifications" name="test_update_notification_preferences" time="0.060" /><testcase classname="tests.test_p3_features.TestDripNotifications" name="test_notification_analytics" time="0.033" /><testcase classname="tests.test_p3_features.TestAIOCR" name="test_seed_demo_data" time="0.037" /><testcase classname="tests.test_p3_features.TestAIOCR" name="test_scan_document_invoice" time="0.036" /><testcase classname="tests.test_p3_features.TestAIOCR" name="test_scan_document_receipt" time="0.035" /><testcase classname="tests.test_p3_features.TestAIOCR" name="test_scan_document_contract" time="0.033" /><testcase classname="tests.test_p3_features.TestAIOCR" name="test_list_scanned_documents" time="0.037" /><testcase classname="tests.test_p3_features.TestAIOCR" name="test_list_documents_filter_by_type" time="0.035" /><testcase classname="tests.test_p3_features.TestAIOCR" name="test_get_document_details" time="0.074" /><testcase classname="tests.test_p3_features.TestAIOCR" name="test_get_document_not_found" time="0.035" /><testcase classname="tests.test_p3_features.TestAIOCR" name="test_smart_intake_client_onboarding" time="2.338" /><testcase classname="tests.test_p3_features.TestAIOCR" name="test_smart_intake_expense_report" time="1.694" /><testcase classname="tests.test_p3_features.TestAIOCR" name="test_smart_intake_invalid_form_type" time="0.055" /><testcase classname="tests.test_p3_features.TestAIOCR" name="test_validate_extraction" time="3.461" /><testcase classname="tests.test_p3_features.TestAIOCR" name="test_match_template" time="0.107" /><testcase classname="tests.test_p3_features.TestAIOCR" name="test_ocr_analytics" time="0.079" /><testcase classname="tests.test_p3_features.TestHealthAndIntegration" name="test_health_check" time="0.031" /></testsuite></testsuites>