<?xml version="1.0" encoding="utf-8"?><testsuites name="pytest tests"><testsuite name="pytest" errors="0" failures="4" skipped="0" tests="14" time="0.775" timestamp="2026-01-10T13:01:44.912908+00:00" hostname="agent-env-7b20bb0e-712a-4b3e-9dae-90475e7d7f78"><testcase classname="tests.test_phase2_design_system.TestRoleSystemAPIs" name="test_get_all_roles_info" time="0.094" /><testcase classname="tests.test_phase2_design_system.TestRoleSystemAPIs" name="test_get_specific_role_info" time="0.039" /><testcase classname="tests.test_phase2_design_system.TestRoleSystemAPIs" name="test_create_session" time="0.041" /><testcase classname="tests.test_phase2_design_system.TestRoleSystemAPIs" name="test_get_users" time="0.041" /><testcase classname="tests.test_phase2_design_system.TestRoleSystemAPIs" name="test_check_permission" time="0.037" /><testcase classname="tests.test_phase2_design_system.TestContractLifecycleAPIs" name="test_get_all_stages" time="0.037" /><testcase classname="tests.test_phase2_design_system.TestContractLifecycleAPIs" name="test_get_lifecycle_contracts" time="0.035" /><testcase classname="tests.test_phase2_design_system.TestContractLifecycleAPIs" name="test_get_lifecycle_stats" time="0.045" /><testcase classname="tests.test_phase2_design_system.TestContractLifecycleAPIs" name="test_seed_demo_contracts" time="0.038" /><testcase classname="tests.test_phase2_design_system.TestContractLifecycleAPIs" name="test_create_lifecycle_contract" time="0.043"><failure message="assert 520 == 200&#10; +  where 520 = &lt;Response [520]&gt;.status_code">tests/test_phase2_design_system.py:175: in test_create_lifecycle_contract
    assert response.status_code == 200
E   assert 520 == 200
E    +  where 520 = &lt;Response [520]&gt;.status_code</failure></testcase><testcase classname="tests.test_phase2_design_system.TestContractLifecycleAPIs" name="test_get_specific_contract" time="0.036"><failure message="assert 520 == 200&#10; +  where 520 = &lt;Response [520]&gt;.status_code">tests/test_phase2_design_system.py:200: in test_get_specific_contract
    assert create_response.status_code == 200
E   assert 520 == 200
E    +  where 520 = &lt;Response [520]&gt;.status_code</failure></testcase><testcase classname="tests.test_phase2_design_system.TestContractLifecycleAPIs" name="test_contract_stage_transition" time="0.037"><failure message="assert 520 == 200&#10; +  where 520 = &lt;Response [520]&gt;.status_code">tests/test_phase2_design_system.py:228: in test_contract_stage_transition
    assert create_response.status_code == 200
E   assert 520 == 200
E    +  where 520 = &lt;Response [520]&gt;.status_code</failure></testcase><testcase classname="tests.test_phase2_design_system.TestContractLifecycleAPIs" name="test_invalid_stage_transition" time="0.037"><failure message="assert 520 == 200&#10; +  where 520 = &lt;Response [520]&gt;.status_code">tests/test_phase2_design_system.py:262: in test_invalid_stage_transition
    assert create_response.status_code == 200
E   assert 520 == 200
E    +  where 520 = &lt;Response [520]&gt;.status_code</failure></testcase><testcase classname="tests.test_phase2_design_system.TestDashboardAPIs" name="test_get_dashboard_stats" time="0.064" /></testsuite></testsuites>