<?xml version="1.0" encoding="utf-8"?><testsuites name="pytest tests"><testsuite name="pytest" errors="0" failures="1" skipped="0" tests="29" time="2.241" timestamp="2026-01-11T00:27:26.825362+00:00" hostname="agent-env-b02a014e-35e3-4883-b776-42bfe82871fb"><testcase classname="tests.test_client_portal_trainings.TestHealthCheck" name="test_api_health" time="0.070" /><testcase classname="tests.test_client_portal_trainings.TestClientPortalSignup" name="test_signup_creates_unverified_client" time="0.078" /><testcase classname="tests.test_client_portal_trainings.TestClientPortalSignup" name="test_signup_duplicate_email_rejected" time="0.092" /><testcase classname="tests.test_client_portal_trainings.TestClientPortalSignup" name="test_signup_invalid_email_rejected" time="0.040" /><testcase classname="tests.test_client_portal_trainings.TestClientPortalVerification" name="test_verification_with_invalid_code" time="0.058" /><testcase classname="tests.test_client_portal_trainings.TestClientPortalVerification" name="test_verification_nonexistent_client" time="0.044" /><testcase classname="tests.test_client_portal_trainings.TestClientPortalVerification" name="test_resend_verification" time="0.088" /><testcase classname="tests.test_client_portal_trainings.TestClientPortalRetrieval" name="test_get_client_by_id" time="0.046" /><testcase classname="tests.test_client_portal_trainings.TestClientPortalRetrieval" name="test_get_nonexistent_client" time="0.039" /><testcase classname="tests.test_client_portal_trainings.TestClientPortalRetrieval" name="test_list_clients" time="0.036" /><testcase classname="tests.test_client_portal_trainings.TestClientPortalLobbyProgress" name="test_update_lobby_progress" time="0.054" /><testcase classname="tests.test_client_portal_trainings.TestClientPortalLobbyProgress" name="test_provide_access" time="0.046" /><testcase classname="tests.test_client_portal_trainings.TestClientPortalDashboard" name="test_seed_demo_client" time="0.039" /><testcase classname="tests.test_client_portal_trainings.TestClientPortalDashboard" name="test_get_client_dashboard" time="0.056" /><testcase classname="tests.test_client_portal_trainings.TestClientPortalDelete" name="test_delete_client" time="0.070" /><testcase classname="tests.test_client_portal_trainings.TestTrainingsModules" name="test_seed_training_modules" time="0.043" /><testcase classname="tests.test_client_portal_trainings.TestTrainingsModules" name="test_list_training_modules" time="0.051" /><testcase classname="tests.test_client_portal_trainings.TestTrainingsModules" name="test_list_modules_by_category" time="0.099" /><testcase classname="tests.test_client_portal_trainings.TestTrainingsModules" name="test_list_modules_by_role" time="0.091" /><testcase classname="tests.test_client_portal_trainings.TestTrainingsModules" name="test_get_specific_module" time="0.048" /><testcase classname="tests.test_client_portal_trainings.TestTrainingsModules" name="test_get_nonexistent_module" time="0.041" /><testcase classname="tests.test_client_portal_trainings.TestTrainingsProgress" name="test_get_user_progress" time="0.050" /><testcase classname="tests.test_client_portal_trainings.TestTrainingsProgress" name="test_start_training" time="0.071" /><testcase classname="tests.test_client_portal_trainings.TestTrainingsProgress" name="test_update_training_progress" time="0.098" /><testcase classname="tests.test_client_portal_trainings.TestTrainingsProgress" name="test_complete_training" time="0.096" /><testcase classname="tests.test_client_portal_trainings.TestTrainingsProgress" name="test_update_progress_without_starting" time="0.042" /><testcase classname="tests.test_client_portal_trainings.TestTrainingsAnalytics" name="test_team_analytics" time="0.091" /><testcase classname="tests.test_client_portal_trainings.TestClientPortalTrainingsIntegration" name="test_client_training_progress" time="0.087"><failure message="AssertionError: assert 'training_progress' in {'company_name': 'Demo Corporation', 'company_size': '21-50', 'created_at': '2026-01-11T00:27:28.721131+00:00', 'email': 'demo@example.com', ...}">tests/test_client_portal_trainings.py:555: in test_client_training_progress
    assert "training_progress" in client
E   AssertionError: assert 'training_progress' in {'company_name': 'Demo Corporation', 'company_size': '21-50', 'created_at': '2026-01-11T00:27:28.721131+00:00', 'email': 'demo@example.com', ...}</failure></testcase><testcase classname="tests.test_client_portal_trainings.TestCleanup" name="test_cleanup_test_clients" time="0.269" /></testsuite></testsuites>