<?xml version="1.0" encoding="utf-8"?><testsuites name="pytest tests"><testsuite name="pytest" errors="0" failures="0" skipped="0" tests="14" time="0.806" timestamp="2026-01-10T13:02:27.397713+00:00" hostname="agent-env-7b20bb0e-712a-4b3e-9dae-90475e7d7f78"><testcase classname="tests.test_phase2_design_system.TestRoleSystemAPIs" name="test_get_all_roles_info" time="0.098" /><testcase classname="tests.test_phase2_design_system.TestRoleSystemAPIs" name="test_get_specific_role_info" time="0.033" /><testcase classname="tests.test_phase2_design_system.TestRoleSystemAPIs" name="test_create_session" time="0.039" /><testcase classname="tests.test_phase2_design_system.TestRoleSystemAPIs" name="test_get_users" time="0.039" /><testcase classname="tests.test_phase2_design_system.TestRoleSystemAPIs" name="test_check_permission" time="0.038" /><testcase classname="tests.test_phase2_design_system.TestContractLifecycleAPIs" name="test_get_all_stages" time="0.031" /><testcase classname="tests.test_phase2_design_system.TestContractLifecycleAPIs" name="test_get_lifecycle_contracts" time="0.038" /><testcase classname="tests.test_phase2_design_system.TestContractLifecycleAPIs" name="test_get_lifecycle_stats" time="0.041" /><testcase classname="tests.test_phase2_design_system.TestContractLifecycleAPIs" name="test_seed_demo_contracts" time="0.077" /><testcase classname="tests.test_phase2_design_system.TestContractLifecycleAPIs" name="test_create_lifecycle_contract" time="0.050" /><testcase classname="tests.test_phase2_design_system.TestContractLifecycleAPIs" name="test_get_specific_contract" time="0.074" /><testcase classname="tests.test_phase2_design_system.TestContractLifecycleAPIs" name="test_contract_stage_transition" time="0.075" /><testcase classname="tests.test_phase2_design_system.TestContractLifecycleAPIs" name="test_invalid_stage_transition" time="0.066" /><testcase classname="tests.test_phase2_design_system.TestDashboardAPIs" name="test_get_dashboard_stats" time="0.053" /></testsuite></testsuites>