<?xml version="1.0" encoding="utf-8"?><testsuites name="pytest tests"><testsuite name="pytest" errors="0" failures="0" skipped="0" tests="15" time="19.158" timestamp="2026-01-11T13:02:50.882788+00:00" hostname="agent-env-b02a014e-35e3-4883-b776-42bfe82871fb"><testcase classname="tests.test_ai_manager.TestCommunicationsBase" name="test_health_check" time="0.086" /><testcase classname="tests.test_ai_manager.TestCommunicationsBase" name="test_seed_demo_data" time="0.081" /><testcase classname="tests.test_ai_manager.TestCommunicationsBase" name="test_get_threads" time="0.036" /><testcase classname="tests.test_ai_manager.TestCommunicationsBase" name="test_get_thread_detail" time="0.081" /><testcase classname="tests.test_ai_manager.TestCommunicationsBase" name="test_get_stats" time="0.043" /><testcase classname="tests.test_ai_manager.TestAIManagerReminders" name="test_get_reminders" time="0.036" /><testcase classname="tests.test_ai_manager.TestAIManagerEscalations" name="test_get_escalation_check" time="0.038" /><testcase classname="tests.test_ai_manager.TestAIManagerSummarize" name="test_summarize_thread_success" time="3.720" /><testcase classname="tests.test_ai_manager.TestAIManagerSummarize" name="test_summarize_nonexistent_thread" time="0.040" /><testcase classname="tests.test_ai_manager.TestAIManagerSummarize" name="test_summarize_empty_thread" time="1.546" /><testcase classname="tests.test_ai_manager.TestAIManagerSuggestResponse" name="test_suggest_response_success" time="4.196" /><testcase classname="tests.test_ai_manager.TestAIManagerSuggestResponse" name="test_suggest_response_nonexistent_thread" time="0.035" /><testcase classname="tests.test_ai_manager.TestPlaybookEngineAutoRefresh" name="test_playbook_plans_endpoint" time="0.038" /><testcase classname="tests.test_ai_manager.TestPlaybookEngineAutoRefresh" name="test_playbook_analytics_endpoint" time="0.035" /><testcase classname="tests.test_ai_manager.TestCommunicationsIntegration" name="test_full_communication_flow" time="9.022" /></testsuite></testsuites>