<?xml version="1.0" encoding="utf-8"?><testsuites name="pytest tests"><testsuite name="pytest" errors="0" failures="0" skipped="0" tests="19" time="1.248" timestamp="2026-01-12T00:41:26.585584+00:00" hostname="agent-env-18afedc3-5f3a-4b91-9276-7edcff4c0bb0"><testcase classname="test_knowledge_base_phase2_3.TestTemplateAutoFillFromEntity" name="test_fill_from_entity_deal" time="0.077" /><testcase classname="test_knowledge_base_phase2_3.TestTemplateAutoFillFromEntity" name="test_fill_from_entity_contract" time="0.074" /><testcase classname="test_knowledge_base_phase2_3.TestTemplateAutoFillFromEntity" name="test_fill_from_entity_client" time="0.043" /><testcase classname="test_knowledge_base_phase2_3.TestTemplateAutoFillFromEntity" name="test_fill_from_entity_nonexistent_template" time="0.043" /><testcase classname="test_knowledge_base_phase2_3.TestTemplateAutoFillFromEntity" name="test_fill_from_entity_tracks_usage" time="0.121" /><testcase classname="test_knowledge_base_phase2_3.TestDocumentSave" name="test_save_document" time="0.037" /><testcase classname="test_knowledge_base_phase2_3.TestDocumentSave" name="test_save_document_minimal" time="0.041" /><testcase classname="test_knowledge_base_phase2_3.TestDocumentSave" name="test_save_document_with_created_by" time="0.032" /><testcase classname="test_knowledge_base_phase2_3.TestDocumentList" name="test_list_documents" time="0.040" /><testcase classname="test_knowledge_base_phase2_3.TestDocumentList" name="test_list_documents_filter_by_entity_type" time="0.084" /><testcase classname="test_knowledge_base_phase2_3.TestDocumentList" name="test_list_documents_filter_by_entity_id" time="0.071" /><testcase classname="test_knowledge_base_phase2_3.TestDocumentList" name="test_list_documents_sorted_by_created_at" time="0.035" /><testcase classname="test_knowledge_base_phase2_3.TestDocumentGetById" name="test_get_document_by_id" time="0.073" /><testcase classname="test_knowledge_base_phase2_3.TestDocumentGetById" name="test_get_nonexistent_document" time="0.036" /><testcase classname="test_knowledge_base_phase2_3.TestStageGateChecking" name="test_checklist_complete_endpoint" time="0.034" /><testcase classname="test_knowledge_base_phase2_3.TestStageGateChecking" name="test_stage_gate_incomplete" time="0.072" /><testcase classname="test_knowledge_base_phase2_3.TestStageGateChecking" name="test_stage_gate_complete" time="0.070" /><testcase classname="test_knowledge_base_phase2_3.TestStageGateChecking" name="test_stage_gate_nonexistent_sop" time="0.036" /><testcase classname="test_knowledge_base_phase2_3.TestIntegrationWorkflow" name="test_complete_document_workflow" time="0.143" /></testsuite></testsuites>