<?xml version="1.0" encoding="utf-8"?><testsuites name="pytest tests"><testsuite name="pytest" errors="0" failures="2" skipped="0" tests="24" time="1.123" timestamp="2026-01-10T13:18:25.903360+00:00" hostname="agent-env-7b20bb0e-712a-4b3e-9dae-90475e7d7f78"><testcase classname="tests.test_phase3_crm_modules.TestSalesCRMStats" name="test_get_sales_stats" time="0.071" /><testcase classname="tests.test_phase3_crm_modules.TestSalesCRMLeads" name="test_get_all_leads" time="0.037" /><testcase classname="tests.test_phase3_crm_modules.TestSalesCRMLeads" name="test_get_leads_by_stage" time="0.041" /><testcase classname="tests.test_phase3_crm_modules.TestSalesCRMLeads" name="test_get_single_lead" time="0.035" /><testcase classname="tests.test_phase3_crm_modules.TestSalesCRMLeads" name="test_get_nonexistent_lead" time="0.040" /><testcase classname="tests.test_phase3_crm_modules.TestSalesCRMLeads" name="test_create_lead" time="0.073" /><testcase classname="tests.test_phase3_crm_modules.TestSalesCRMStages" name="test_get_stages" time="0.035" /><testcase classname="tests.test_phase3_crm_modules.TestSalesCRMProposals" name="test_get_proposals" time="0.037" /><testcase classname="tests.test_phase3_crm_modules.TestAffiliateCRMStats" name="test_get_affiliate_stats" time="0.037" /><testcase classname="tests.test_phase3_crm_modules.TestAffiliateCRMAffiliates" name="test_get_all_affiliates" time="0.033" /><testcase classname="tests.test_phase3_crm_modules.TestAffiliateCRMAffiliates" name="test_get_affiliates_by_tier" time="0.031" /><testcase classname="tests.test_phase3_crm_modules.TestAffiliateCRMAffiliates" name="test_get_single_affiliate" time="0.078" /><testcase classname="tests.test_phase3_crm_modules.TestAffiliateCRMAffiliates" name="test_get_affiliate_referrals" time="0.033" /><testcase classname="tests.test_phase3_crm_modules.TestAffiliateCRMAffiliates" name="test_get_affiliate_commissions" time="0.037" /><testcase classname="tests.test_phase3_crm_modules.TestAffiliateCRMAffiliates" name="test_create_affiliate" time="0.036" /><testcase classname="tests.test_phase3_crm_modules.TestAffiliateCRMTiers" name="test_get_tier_info" time="0.033" /><testcase classname="tests.test_phase3_crm_modules.TestCommunicationsStats" name="test_get_communication_stats" time="0.038" /><testcase classname="tests.test_phase3_crm_modules.TestCommunicationsThreads" name="test_get_all_threads" time="0.036" /><testcase classname="tests.test_phase3_crm_modules.TestCommunicationsThreads" name="test_get_threads_by_type" time="0.035" /><testcase classname="tests.test_phase3_crm_modules.TestCommunicationsThreads" name="test_get_single_thread" time="0.032" /><testcase classname="tests.test_phase3_crm_modules.TestCommunicationsThreads" name="test_get_thread_messages" time="0.032" /><testcase classname="tests.test_phase3_crm_modules.TestCommunicationsThreads" name="test_create_thread" time="0.033" /><testcase classname="tests.test_phase3_crm_modules.TestCommunicationsThreads" name="test_send_message" time="0.075"><failure message="assert 422 == 200&#10; +  where 422 = &lt;Response [422]&gt;.status_code">tests/test_phase3_crm_modules.py:362: in test_send_message
    assert response.status_code == 200
E   assert 422 == 200
E    +  where 422 = &lt;Response [422]&gt;.status_code</failure></testcase><testcase classname="tests.test_phase3_crm_modules.TestCommunicationsTypes" name="test_get_thread_types" time="0.030"><failure message="assert 404 == 200&#10; +  where 404 = &lt;Response [404]&gt;.status_code">tests/test_phase3_crm_modules.py:375: in test_get_thread_types
    assert response.status_code == 200
E   assert 404 == 200
E    +  where 404 = &lt;Response [404]&gt;.status_code</failure></testcase></testsuite></testsuites>