<?xml version="1.0" encoding="utf-8"?><testsuites name="pytest tests"><testsuite name="pytest" errors="0" failures="3" skipped="0" tests="25" time="1.994" timestamp="2026-01-10T15:20:42.642631+00:00" hostname="agent-env-5964ad78-818b-4e7e-914c-b41fe8f52908"><testcase classname="tests.test_playbook_engine.TestPlaybookEngineHealth" name="test_api_health" time="0.100" /><testcase classname="tests.test_playbook_engine.TestPlaybookEngineAnalytics" name="test_get_analytics_summary" time="0.036" /><testcase classname="tests.test_playbook_engine.TestPlaybookEngineSeedDemo" name="test_seed_demo_data" time="0.040" /><testcase classname="tests.test_playbook_engine.TestPlaybookEnginePlans" name="test_list_plans" time="0.082" /><testcase classname="tests.test_playbook_engine.TestPlaybookEnginePlans" name="test_list_plans_with_status_filter" time="0.068" /><testcase classname="tests.test_playbook_engine.TestPlaybookEnginePlans" name="test_get_plan_detail" time="0.113" /><testcase classname="tests.test_playbook_engine.TestPlaybookEnginePlans" name="test_get_nonexistent_plan" time="0.076" /><testcase classname="tests.test_playbook_engine.TestPlaybookEngineGenerate" name="test_generate_client_services_plan" time="0.039" /><testcase classname="tests.test_playbook_engine.TestPlaybookEngineGenerate" name="test_generate_operations_plan" time="0.034" /><testcase classname="tests.test_playbook_engine.TestPlaybookEngineGenerate" name="test_generate_app_development_plan" time="0.036" /><testcase classname="tests.test_playbook_engine.TestPlaybookEngineGenerate" name="test_generate_consultation_plan" time="0.038" /><testcase classname="tests.test_playbook_engine.TestPlaybookEngineGenerate" name="test_generate_crisis_management_plan" time="0.037" /><testcase classname="tests.test_playbook_engine.TestPlaybookEnginePlanStatus" name="test_update_plan_status_to_active" time="0.076" /><testcase classname="tests.test_playbook_engine.TestPlaybookEnginePlanStatus" name="test_update_plan_status_to_paused" time="0.107" /><testcase classname="tests.test_playbook_engine.TestPlaybookEnginePlanStatus" name="test_update_plan_status_to_completed" time="0.068" /><testcase classname="tests.test_playbook_engine.TestPlaybookEnginePlanStatus" name="test_update_plan_status_invalid" time="0.074" /><testcase classname="tests.test_playbook_engine.TestPlaybookEnginePlanActivation" name="test_activate_draft_plan" time="0.069"><failure message="assert 520 == 200&#10; +  where 520 = &lt;Response [520]&gt;.status_code">tests/test_playbook_engine.py:388: in test_activate_draft_plan
    assert response.status_code == 200
E   assert 520 == 200
E    +  where 520 = &lt;Response [520]&gt;.status_code</failure></testcase><testcase classname="tests.test_playbook_engine.TestPlaybookEnginePlanActivation" name="test_activate_already_active_plan" time="0.104"><failure message="assert 520 == 400&#10; +  where 520 = &lt;Response [520]&gt;.status_code">tests/test_playbook_engine.py:405: in test_activate_already_active_plan
    assert response.status_code == 400
E   assert 520 == 400
E    +  where 520 = &lt;Response [520]&gt;.status_code</failure></testcase><testcase classname="tests.test_playbook_engine.TestPlaybookEnginePlanDelete" name="test_delete_draft_plan" time="0.105" /><testcase classname="tests.test_playbook_engine.TestPlaybookEnginePlanDelete" name="test_delete_active_plan_fails" time="0.109" /><testcase classname="tests.test_playbook_engine.TestPlaybookEngineMilestoneUpdate" name="test_update_milestone_to_in_progress" time="0.073" /><testcase classname="tests.test_playbook_engine.TestPlaybookEngineMilestoneUpdate" name="test_update_milestone_to_completed" time="0.105" /><testcase classname="tests.test_playbook_engine.TestPlaybookEngineTaskUpdate" name="test_update_task_to_in_progress" time="0.070" /><testcase classname="tests.test_playbook_engine.TestPlaybookEngineTaskUpdate" name="test_update_task_to_completed" time="0.071" /><testcase classname="tests.test_playbook_engine.TestPlaybookEngineIntegration" name="test_full_workflow_generate_activate_complete" time="0.073"><failure message="assert 520 == 200&#10; +  where 520 = &lt;Response [520]&gt;.status_code">tests/test_playbook_engine.py:566: in test_full_workflow_generate_activate_complete
    assert activate_response.status_code == 200
E   assert 520 == 200
E    +  where 520 = &lt;Response [520]&gt;.status_code</failure></testcase></testsuite></testsuites>