<?xml version="1.0" encoding="utf-8"?><testsuites name="pytest tests"><testsuite name="pytest" errors="0" failures="0" skipped="0" tests="23" time="0.998" timestamp="2026-01-10T13:19:13.377035+00:00" hostname="agent-env-7b20bb0e-712a-4b3e-9dae-90475e7d7f78"><testcase classname="tests.test_phase3_crm_modules.TestSalesCRMStats" name="test_get_sales_stats" time="0.066" /><testcase classname="tests.test_phase3_crm_modules.TestSalesCRMLeads" name="test_get_all_leads" time="0.038" /><testcase classname="tests.test_phase3_crm_modules.TestSalesCRMLeads" name="test_get_leads_by_stage" time="0.035" /><testcase classname="tests.test_phase3_crm_modules.TestSalesCRMLeads" name="test_get_single_lead" time="0.036" /><testcase classname="tests.test_phase3_crm_modules.TestSalesCRMLeads" name="test_get_nonexistent_lead" time="0.075" /><testcase classname="tests.test_phase3_crm_modules.TestSalesCRMLeads" name="test_create_lead" time="0.077" /><testcase classname="tests.test_phase3_crm_modules.TestSalesCRMStages" name="test_get_stages" time="0.032" /><testcase classname="tests.test_phase3_crm_modules.TestSalesCRMProposals" name="test_get_proposals" time="0.036" /><testcase classname="tests.test_phase3_crm_modules.TestAffiliateCRMStats" name="test_get_affiliate_stats" time="0.034" /><testcase classname="tests.test_phase3_crm_modules.TestAffiliateCRMAffiliates" name="test_get_all_affiliates" time="0.036" /><testcase classname="tests.test_phase3_crm_modules.TestAffiliateCRMAffiliates" name="test_get_affiliates_by_tier" time="0.033" /><testcase classname="tests.test_phase3_crm_modules.TestAffiliateCRMAffiliates" name="test_get_single_affiliate" time="0.033" /><testcase classname="tests.test_phase3_crm_modules.TestAffiliateCRMAffiliates" name="test_get_affiliate_referrals" time="0.034" /><testcase classname="tests.test_phase3_crm_modules.TestAffiliateCRMAffiliates" name="test_get_affiliate_commissions" time="0.034" /><testcase classname="tests.test_phase3_crm_modules.TestAffiliateCRMAffiliates" name="test_create_affiliate" time="0.032" /><testcase classname="tests.test_phase3_crm_modules.TestAffiliateCRMTiers" name="test_get_tier_info" time="0.031" /><testcase classname="tests.test_phase3_crm_modules.TestCommunicationsStats" name="test_get_communication_stats" time="0.040" /><testcase classname="tests.test_phase3_crm_modules.TestCommunicationsThreads" name="test_get_all_threads" time="0.033" /><testcase classname="tests.test_phase3_crm_modules.TestCommunicationsThreads" name="test_get_threads_by_type" time="0.032" /><testcase classname="tests.test_phase3_crm_modules.TestCommunicationsThreads" name="test_get_single_thread" time="0.034" /><testcase classname="tests.test_phase3_crm_modules.TestCommunicationsThreads" name="test_get_thread_messages" time="0.032" /><testcase classname="tests.test_phase3_crm_modules.TestCommunicationsThreads" name="test_create_thread" time="0.033" /><testcase classname="tests.test_phase3_crm_modules.TestCommunicationsThreads" name="test_send_message" time="0.031" /></testsuite></testsuites>