<?xml version="1.0" encoding="utf-8"?><testsuites name="pytest tests"><testsuite name="pytest" errors="0" failures="1" skipped="0" tests="20" time="1.377" timestamp="2026-01-12T01:01:01.803663+00:00" hostname="agent-env-18afedc3-5f3a-4b91-9276-7edcff4c0bb0"><testcase classname="tests.test_knowledge_base_ai.TestAIRecommendations" name="test_recommendations_basic" time="0.075" /><testcase classname="tests.test_knowledge_base_ai.TestAIRecommendations" name="test_recommendations_with_entity_context" time="0.040" /><testcase classname="tests.test_knowledge_base_ai.TestAIRecommendations" name="test_recommendations_empty_context" time="0.041" /><testcase classname="tests.test_knowledge_base_ai.TestAIGenerateChecklist" name="test_generate_checklist_basic" time="0.080" /><testcase classname="tests.test_knowledge_base_ai.TestAIGenerateChecklist" name="test_generate_checklist_sales_category" time="0.033" /><testcase classname="tests.test_knowledge_base_ai.TestAIGenerateChecklist" name="test_generate_checklist_minimal_input" time="0.042" /><testcase classname="tests.test_knowledge_base_ai.TestProactiveAlerts" name="test_proactive_alerts_basic" time="0.038" /><testcase classname="tests.test_knowledge_base_ai.TestProactiveAlerts" name="test_proactive_alerts_with_role" time="0.074" /><testcase classname="tests.test_knowledge_base_ai.TestProactiveAlerts" name="test_proactive_alerts_with_stage" time="0.035" /><testcase classname="tests.test_knowledge_base_ai.TestProactiveAlerts" name="test_proactive_alerts_with_all_params" time="0.043" /><testcase classname="tests.test_knowledge_base_ai.TestTrackBehavior" name="test_track_view_behavior" time="0.043" /><testcase classname="tests.test_knowledge_base_ai.TestTrackBehavior" name="test_track_use_behavior" time="0.041" /><testcase classname="tests.test_knowledge_base_ai.TestTrackBehavior" name="test_track_search_behavior" time="0.036" /><testcase classname="tests.test_knowledge_base_ai.TestTrackBehavior" name="test_track_complete_behavior" time="0.033" /><testcase classname="tests.test_knowledge_base_ai.TestUserInsights" name="test_user_insights_basic" time="0.149" /><testcase classname="tests.test_knowledge_base_ai.TestUserInsights" name="test_user_insights_new_user" time="0.034" /><testcase classname="tests.test_knowledge_base_ai.TestSuggestSOPImprovements" name="test_suggest_improvements_existing_sop" time="0.067"><failure message="assert 'sop_id' in {'ai_powered': False, 'error': &quot;'AIService' object has no attribute 'generate_response'&quot;, 'suggestions': [{'category': 'general', 'priority': 'medium', 'suggestion': 'Review and update content regularly'}]}">tests/test_knowledge_base_ai.py:292: in test_suggest_improvements_existing_sop
    assert "sop_id" in data
E   assert 'sop_id' in {'ai_powered': False, 'error': "'AIService' object has no attribute 'generate_response'", 'suggestions': [{'category': 'general', 'priority': 'medium', 'suggestion': 'Review and update content regularly'}]}</failure></testcase><testcase classname="tests.test_knowledge_base_ai.TestSuggestSOPImprovements" name="test_suggest_improvements_nonexistent_sop" time="0.033" /><testcase classname="tests.test_knowledge_base_ai.TestAIIntegration" name="test_full_ai_workflow" time="0.256" /><testcase classname="tests.test_knowledge_base_ai.TestAIIntegration" name="test_checklist_generation_and_sop_creation" time="0.075" /></testsuite></testsuites>